Using pre-set license
Built from '2020.3/staging' branch; Version is '2020.3.3f1 (76626098c1c4) revision 7758432'; Using compiler version '192528614'; Build Type 'Release'
OS: 'Windows 10 Home; OS build 19042.804; Version 2009; 64bit' Language: 'en' Physical Memory: 16300 MB
BatchMode: 1, IsHumanControllingUs: 0, StartBugReporterOnCrash: 0, Is64bit: 1, IsPro: 0

 COMMAND LINE ARGUMENTS:
C:\Program Files\Unity\Hub\Editor\2020.3.3f1\Editor\Unity.exe
-adb2
-batchMode
-noUpm
-name
AssetImportWorker0
-projectPath
C:/Game Dev/Dungeon Escape
-logFile
Logs/AssetImportWorker0.log
-srvPort
50902
Successfully changed project path to: C:/Game Dev/Dungeon Escape
C:/Game Dev/Dungeon Escape
Using Asset Import Pipeline V2.
Refreshing native plugins compatible for Editor in 66.67 ms, found 1 plugins.
Preloading 0 native plugins for Editor in 0.00 ms.
Initialize engine version: 2020.3.3f1 (76626098c1c4)
[Subsystems] Discovering subsystems at path C:/Program Files/Unity/Hub/Editor/2020.3.3f1/Editor/Data/Resources/UnitySubsystems
[Subsystems] Discovering subsystems at path C:/Game Dev/Dungeon Escape/Assets
GfxDevice: creating device client; threaded=0
Direct3D:
    Version:  Direct3D 11.0 [level 11.1]
    Renderer: NVIDIA GeForce RTX 3070 (ID=0x2484)
    Vendor:   
    VRAM:     8043 MB
    Driver:   27.21.14.6172
Initialize mono
Mono path[0] = 'C:/Program Files/Unity/Hub/Editor/2020.3.3f1/Editor/Data/Managed'
Mono path[1] = 'C:/Program Files/Unity/Hub/Editor/2020.3.3f1/Editor/Data/MonoBleedingEdge/lib/mono/unityjit'
Mono config path = 'C:/Program Files/Unity/Hub/Editor/2020.3.3f1/Editor/Data/MonoBleedingEdge/etc'
Using monoOptions --debugger-agent=transport=dt_socket,embedding=1,server=y,suspend=n,address=127.0.0.1:56444
Begin MonoManager ReloadAssembly
Registering precompiled unity dll's ...
Register platform support module: C:/Program Files/Unity/Hub/Editor/2020.3.3f1/Editor/Data/PlaybackEngines/WebGLSupport/UnityEditor.WebGL.Extensions.dll
Register platform support module: C:/Program Files/Unity/Hub/Editor/2020.3.3f1/Editor/Data/PlaybackEngines/WindowsStandaloneSupport/UnityEditor.WindowsStandalone.Extensions.dll
Registered in 0.002318 seconds.
Native extension for WindowsStandalone target not found
Native extension for WebGL target not found
Refreshing native plugins compatible for Editor in 66.02 ms, found 1 plugins.
Preloading 0 native plugins for Editor in 0.00 ms.
Invoked RoslynAnalysisRunner static constructor.
RoslynAnalysisRunner will not be running.
RoslynAnalysisRunner has terminated.
Mono: successfully reloaded assembly
- Completed reload, in  1.956 seconds
Platform modules already initialized, skipping
Registering precompiled user dll's ...
Registered in 0.002090 seconds.
Begin MonoManager ReloadAssembly
Native extension for WindowsStandalone target not found
Native extension for WebGL target not found
Refreshing native plugins compatible for Editor in 59.81 ms, found 1 plugins.
Preloading 0 native plugins for Editor in 0.00 ms.
Invoked RoslynAnalysisRunner static constructor.
RoslynAnalysisRunner will not be running.
RoslynAnalysisRunner has terminated.
Mono: successfully reloaded assembly
- Completed reload, in  0.967 seconds
Platform modules already initialized, skipping
========================================================================
Worker process is ready to serve import requests
Launched and connected shader compiler UnityShaderCompiler.exe after 0.04 seconds
Refreshing native plugins compatible for Editor in 0.64 ms, found 1 plugins.
Preloading 0 native plugins for Editor in 0.00 ms.
Unloading 2248 Unused Serialized files (Serialized files now loaded: 0)
System memory in use before: 109.2 MB.
System memory in use after: 109.0 MB.

Unloading 47 unused Assets to reduce memory usage. Loaded Objects now: 2678.
Total: 2.293900 ms (FindLiveObjects: 0.208400 ms CreateObjectMapping: 0.109500 ms MarkObjects: 1.678000 ms  DeleteObjects: 0.297300 ms)

========================================================================
Received Import Request.
  path: Assets/Scripts/UIManager.cs
  artifactKey: Guid(b816b37fafa51f94da859e2e159ba59a) Importer(815301076,1909f56bfc062723c751e8b465ee728b)
Start importing Assets/Scripts/UIManager.cs using Guid(b816b37fafa51f94da859e2e159ba59a) Importer(815301076,1909f56bfc062723c751e8b465ee728b)  -> (artifact id: '17b56c258eb100c4b586bebbca124188') in 0.037065 seconds
  Import took 0.042562 seconds .

========================================================================
Received Import Request.
  Time since last request: 0.000264 seconds.
  path: Assets/Scripts/IDamagable.cs
  artifactKey: Guid(3489830b0f2ab9b4fbcaf4fbdc7086ea) Importer(815301076,1909f56bfc062723c751e8b465ee728b)
Start importing Assets/Scripts/IDamagable.cs using Guid(3489830b0f2ab9b4fbcaf4fbdc7086ea) Importer(815301076,1909f56bfc062723c751e8b465ee728b)  -> (artifact id: 'dde610c147508c5e69573c7f62e00bce') in 0.006618 seconds
  Import took 0.011078 seconds .

========================================================================
Received Import Request.
  Time since last request: 11.712456 seconds.
  path: Assets/Scripts/Enemy/EnemyBase.cs
  artifactKey: Guid(ff94dda16e03e564ab3198e7ac1fdcf9) Importer(815301076,1909f56bfc062723c751e8b465ee728b)
Start importing Assets/Scripts/Enemy/EnemyBase.cs using Guid(ff94dda16e03e564ab3198e7ac1fdcf9) Importer(815301076,1909f56bfc062723c751e8b465ee728b)  -> (artifact id: 'ea9c95136341c34e469296fa174ca2d4') in 0.008239 seconds
  Import took 0.012542 seconds .

========================================================================
Received Import Request.
  Time since last request: 4496.909997 seconds.
  path: Assets/Scripts/Enemy
  artifactKey: Guid(c0117bee65740374883c9ac6fde929c5) Importer(815301076,1909f56bfc062723c751e8b465ee728b)
Start importing Assets/Scripts/Enemy using Guid(c0117bee65740374883c9ac6fde929c5) Importer(815301076,1909f56bfc062723c751e8b465ee728b)  -> (artifact id: 'bef08525365031b444766bf09f85441a') in 0.011972 seconds
  Import took 0.070095 seconds .

========================================================================
Received Import Request.
  Time since last request: 9.699072 seconds.
  path: Assets/Scripts/Enemy/Zombie.cs
  artifactKey: Guid(517825901367ba84eb560df3f2d43639) Importer(815301076,1909f56bfc062723c751e8b465ee728b)
Start importing Assets/Scripts/Enemy/Zombie.cs using Guid(517825901367ba84eb560df3f2d43639) Importer(815301076,1909f56bfc062723c751e8b465ee728b)  -> (artifact id: '7324f03c55f44e065de0012242c8fde0') in 0.012649 seconds
  Import took 0.016527 seconds .

========================================================================
Received Import Request.
  Time since last request: 9.351086 seconds.
  path: Assets/Scripts/Enemy/Zombie.cs
  artifactKey: Guid(517825901367ba84eb560df3f2d43639) Importer(815301076,1909f56bfc062723c751e8b465ee728b)
Start importing Assets/Scripts/Enemy/Zombie.cs using Guid(517825901367ba84eb560df3f2d43639) Importer(815301076,1909f56bfc062723c751e8b465ee728b)  -> (artifact id: '4a444d8212add5d9bbea48961ea742c4') in 0.002830 seconds
  Import took 0.006077 seconds .

========================================================================
Received Prepare
Registering precompiled user dll's ...
Registered in 0.003201 seconds.
Begin MonoManager ReloadAssembly
Native extension for WindowsStandalone target not found
Native extension for WebGL target not found
Refreshing native plugins compatible for Editor in 0.98 ms, found 1 plugins.
Preloading 0 native plugins for Editor in 0.00 ms.
Invoked RoslynAnalysisRunner static constructor.
RoslynAnalysisRunner will not be running.
RoslynAnalysisRunner has terminated.
Mono: successfully reloaded assembly
- Completed reload, in  0.953 seconds
Platform modules already initialized, skipping
Switching build target platform(5) subTarget(0) extendedPlatform(0) -> platform(13) subTarget(537395200) extendedPlatform(0)
Refreshing native plugins compatible for Editor in 0.69 ms, found 1 plugins.
Preloading 0 native plugins for Editor in 0.00 ms.
Unloading 2221 Unused Serialized files (Serialized files now loaded: 0)
System memory in use before: 105.6 MB.
System memory in use after: 105.3 MB.

Unloading 36 unused Assets to reduce memory usage. Loaded Objects now: 2682.
Total: 2.513000 ms (FindLiveObjects: 0.216100 ms CreateObjectMapping: 0.104200 ms MarkObjects: 1.827000 ms  DeleteObjects: 0.364600 ms)

AssetImportParameters requested are different than current active one (requested -> active):
  custom:graphics/normal-map-encoding: 01000000000000000000000000000000 -> 02000000000000000000000000000000
========================================================================
Received Prepare
Registering precompiled user dll's ...
Registered in 0.001936 seconds.
Begin MonoManager ReloadAssembly
Native extension for WindowsStandalone target not found
Native extension for WebGL target not found
Refreshing native plugins compatible for Editor in 0.67 ms, found 1 plugins.
Preloading 0 native plugins for Editor in 0.00 ms.
Invoked RoslynAnalysisRunner static constructor.
RoslynAnalysisRunner will not be running.
RoslynAnalysisRunner has terminated.
Mono: successfully reloaded assembly
- Completed reload, in  0.880 seconds
Platform modules already initialized, skipping
Switching build target platform(5) subTarget(0) extendedPlatform(0) -> platform(13) subTarget(537395200) extendedPlatform(0)
Refreshing native plugins compatible for Editor in 0.67 ms, found 1 plugins.
Preloading 0 native plugins for Editor in 0.00 ms.
Unloading 2220 Unused Serialized files (Serialized files now loaded: 0)
System memory in use before: 105.7 MB.
System memory in use after: 105.4 MB.

Unloading 36 unused Assets to reduce memory usage. Loaded Objects now: 2685.
Total: 2.610100 ms (FindLiveObjects: 0.216100 ms CreateObjectMapping: 0.086400 ms MarkObjects: 1.987500 ms  DeleteObjects: 0.318700 ms)

AssetImportParameters requested are different than current active one (requested -> active):
  custom:graphics/normal-map-encoding: 01000000000000000000000000000000 -> 02000000000000000000000000000000
AssetImportWorkerClient::OnTransportError - code=2 error=End of file
